app/build/outputs/logs/manifest-merger-debug-report.txt
-- Merging decision tree log ---
manifest
ADDED from src/main/AndroidManifest.xml:2:1-261:12
INJECTED from src/main/AndroidManifest.xml:2:1-261:12
INJECTED from src/main/AndroidManifest.xml:2:1-261:12
INJECTED from src/main/AndroidManifest.xml:2:1-261:12
MERGED from [com.novoda:simple-chrome-custom-tabs:0.1.5] AndroidManifest.xml:2:1-10:12
MERGED from [com.android.support:appcompat-v7:25.3.1] AndroidManifest.xml:17:1-31:12
MERGED from [com.android.support:support-v4:25.3.1] AndroidManifest.xml:17:1-31:12
MERGED from [com.android.support:customtabs:25.0.0] AndroidManifest.xml:17:1-24:12
MERGED from [com.android.support.constraint:constraint-layout:1.0.2] AndroidManifest.xml:2:1-11:12
MERGED from [com.android.support:support-fragment:25.3.1] AndroidManifest.xml:17:1-31:12
MERGED from [com.android.support:support-media-compat:25.3.1] AndroidManifest.xml:17:1-31:12
MERGED from [com.android.support:support-core-utils:25.3.1] AndroidManifest.xml:17:1-31:12
MERGED from [com.android.support:support-core-ui:25.3.1] AndroidManifest.xml:17:1-31:12
MERGED from [com.android.support:animated-vector-drawable:25.3.1] AndroidManifest.xml:17:1-28:12
MERGED from [com.android.support:support-vector-drawable:25.3.1] AndroidManifest.xml:17:1-28:12
MERGED from [com.android.support:support-compat:25.3.1] AndroidManifest.xml:17:1-31:12
INJECTED from src/main/AndroidManifest.xml:2:1-261:12
INJECTED from src/main/AndroidManifest.xml:2:1-261:12
INJECTED from src/main/AndroidManifest.xml:2:1-261:12
	package
		ADDED from src/main/AndroidManifest.xml:3:5-40
		INJECTED from src/main/AndroidManifest.xml
		INJECTED from src/main/AndroidManifest.xml
	android:versionName
		ADDED from src/main/AndroidManifest.xml:5:5-32
		INJECTED from src/main/AndroidManifest.xml
		INJECTED from src/main/AndroidManifest.xml
	xmlns:android
		ADDED from src/main/AndroidManifest.xml:2:11-69
	android:versionCode
		ADDED from src/main/AndroidManifest.xml:4:5-29
		INJECTED from src/main/AndroidManifest.xml
		INJECTED from src/main/AndroidManifest.xml
uses-sdk
ADDED from src/main/AndroidManifest.xml:7:5-9:41
INJECTED from src/main/AndroidManifest.xml:7:5-9:41
INJECTED from src/main/AndroidManifest.xml:7:5-9:41
MERGED from [com.novoda:simple-chrome-custom-tabs:0.1.5] AndroidManifest.xml:6:5-8:41
MERGED from [com.novoda:simple-chrome-custom-tabs:0.1.5] AndroidManifest.xml:6:5-8:41
MERGED from [com.android.support:appcompat-v7:25.3.1] AndroidManifest.xml:21:5-23:78
MERGED from [com.android.support:appcompat-v7:25.3.1] AndroidManifest.xml:21:5-23:78
MERGED from [com.android.support:support-v4:25.3.1] AndroidManifest.xml:21:5-23:54
MERGED from [com.android.support:support-v4:25.3.1] AndroidManifest.xml:21:5-23:54
MERGED from [com.android.support:customtabs:25.0.0] AndroidManifest.xml:20:5-44
MERGED from [com.android.support:customtabs:25.0.0] AndroidManifest.xml:20:5-44
MERGED from [com.android.support.constraint:constraint-layout:1.0.2] AndroidManifest.xml:5:5-7:41
MERGED from [com.android.support.constraint:constraint-layout:1.0.2] AndroidManifest.xml:5:5-7:41
MERGED from [com.android.support:support-fragment:25.3.1] AndroidManifest.xml:21:5-23:60
MERGED from [com.android.support:support-fragment:25.3.1] AndroidManifest.xml:21:5-23:60
MERGED from [com.android.support:support-media-compat:25.3.1] AndroidManifest.xml:21:5-23:63
MERGED from [com.android.support:support-media-compat:25.3.1] AndroidManifest.xml:21:5-23:63
MERGED from [com.android.support:support-core-utils:25.3.1] AndroidManifest.xml:21:5-23:61
MERGED from [com.android.support:support-core-utils:25.3.1] AndroidManifest.xml:21:5-23:61
MERGED from [com.android.support:support-core-ui:25.3.1] AndroidManifest.xml:21:5-23:58
MERGED from [com.android.support:support-core-ui:25.3.1] AndroidManifest.xml:21:5-23:58
MERGED from [com.android.support:animated-vector-drawable:25.3.1] AndroidManifest.xml:20:5-44
MERGED from [com.android.support:animated-vector-drawable:25.3.1] AndroidManifest.xml:20:5-44
MERGED from [com.android.support:support-vector-drawable:25.3.1] AndroidManifest.xml:20:5-43
MERGED from [com.android.support:support-vector-drawable:25.3.1] AndroidManifest.xml:20:5-43
MERGED from [com.android.support:support-compat:25.3.1] AndroidManifest.xml:21:5-23:58
MERGED from [com.android.support:support-compat:25.3.1] AndroidManifest.xml:21:5-23:58
INJECTED from src/main/AndroidManifest.xml:7:5-9:41
INJECTED from src/main/AndroidManifest.xml:7:5-9:41
	tools:overrideLibrary
		ADDED from [com.android.support:appcompat-v7:25.3.1] AndroidManifest.xml:23:9-75
	android:targetSdkVersion
		ADDED from src/main/AndroidManifest.xml:9:9-38
		INJECTED from src/main/AndroidManifest.xml
		INJECTED from src/main/AndroidManifest.xml
	android:minSdkVersion
		ADDED from src/main/AndroidManifest.xml:8:9-34
		INJECTED from src/main/AndroidManifest.xml
		INJECTED from src/main/AndroidManifest.xml
uses-permission#android.permission.INTERNET
ADDED from src/main/AndroidManifest.xml:11:5-67
	android:name
		ADDED from src/main/AndroidManifest.xml:11:22-64
uses-permission#android.permission.ACCESS_NETWORK_STATE
ADDED from src/main/AndroidManifest.xml:12:5-79
	android:name
		ADDED from src/main/AndroidManifest.xml:12:22-76
uses-permission#android.permission.RECEIVE_BOOT_COMPLETED
ADDED from src/main/AndroidManifest.xml:13:5-81
	android:name
		ADDED from src/main/AndroidManifest.xml:13:22-78
uses-permission#android.permission.WAKE_LOCK
ADDED from src/main/AndroidManifest.xml:14:5-68
	android:name
		ADDED from src/main/AndroidManifest.xml:14:22-65
uses-permission#android.permission.VIBRATE
ADDED from src/main/AndroidManifest.xml:15:5-66
	android:name
		ADDED from src/main/AndroidManifest.xml:15:22-63
uses-permission#android.permission.WRITE_EXTERNAL_STORAGE
ADDED from src/main/AndroidManifest.xml:16:5-81
	android:name
		ADDED from src/main/AndroidManifest.xml:16:22-78
uses-permission#android.permission.READ_PHONE_STATE
ADDED from src/main/AndroidManifest.xml:17:5-75
	android:name
		ADDED from src/main/AndroidManifest.xml:17:22-72
uses-permission#android.permission.READ_EXTERNAL_STORAGE
ADDED from src/main/AndroidManifest.xml:18:5-80
	android:name
		ADDED from src/main/AndroidManifest.xml:18:22-77
application
ADDED from src/main/AndroidManifest.xml:20:5-259:19
MERGED from [com.android.support:appcompat-v7:25.3.1] AndroidManifest.xml:29:5-20
MERGED from [com.android.support:appcompat-v7:25.3.1] AndroidManifest.xml:29:5-20
MERGED from [com.android.support:support-v4:25.3.1] AndroidManifest.xml:29:5-20
MERGED from [com.android.support:support-v4:25.3.1] AndroidManifest.xml:29:5-20
MERGED from [com.android.support:customtabs:25.0.0] AndroidManifest.xml:22:5-20
MERGED from [com.android.support:customtabs:25.0.0] AndroidManifest.xml:22:5-20
MERGED from [com.android.support.constraint:constraint-layout:1.0.2] AndroidManifest.xml:9:5-20
MERGED from [com.android.support.constraint:constraint-layout:1.0.2] AndroidManifest.xml:9:5-20
MERGED from [com.android.support:support-fragment:25.3.1] AndroidManifest.xml:29:5-20
MERGED from [com.android.support:support-fragment:25.3.1] AndroidManifest.xml:29:5-20
MERGED from [com.android.support:support-media-compat:25.3.1] AndroidManifest.xml:29:5-20
MERGED from [com.android.support:support-media-compat:25.3.1] AndroidManifest.xml:29:5-20
MERGED from [com.android.support:support-core-utils:25.3.1] AndroidManifest.xml:29:5-20
MERGED from [com.android.support:support-core-utils:25.3.1] AndroidManifest.xml:29:5-20
MERGED from [com.android.support:support-core-ui:25.3.1] AndroidManifest.xml:29:5-20
MERGED from [com.android.support:support-core-ui:25.3.1] AndroidManifest.xml:29:5-20
MERGED from [com.android.support:animated-vector-drawable:25.3.1] AndroidManifest.xml:26:5-20
MERGED from [com.android.support:animated-vector-drawable:25.3.1] AndroidManifest.xml:26:5-20
MERGED from [com.android.support:support-vector-drawable:25.3.1] AndroidManifest.xml:26:5-20
MERGED from [com.android.support:support-vector-drawable:25.3.1] AndroidManifest.xml:26:5-20
MERGED from [com.android.support:support-compat:25.3.1] AndroidManifest.xml:29:5-20
MERGED from [com.android.support:support-compat:25.3.1] AndroidManifest.xml:29:5-20
	android:label
		ADDED from src/main/AndroidManifest.xml:25:9-41
	android:debuggable
		ADDED from src/main/AndroidManifest.xml:23:9-35
	android:icon
		ADDED from src/main/AndroidManifest.xml:24:9-45
	android:allowBackup
		ADDED from src/main/AndroidManifest.xml:22:9-35
	android:theme
		ADDED from src/main/AndroidManifest.xml:26:9-40
	android:name
		ADDED from src/main/AndroidManifest.xml:21:9-28
activity#ch.epfl.hci.healthytogether.MainActivityCommunity
ADDED from src/main/AndroidManifest.xml:29:9-39:20
	android:parentActivityName
		ADDED from src/main/AndroidManifest.xml:33:13-83
	android:label
		ADDED from src/main/AndroidManifest.xml:31:13-60
	android:launchMode
		ADDED from src/main/AndroidManifest.xml:32:13-43
	android:theme
		ADDED from src/main/AndroidManifest.xml:34:13-60
	android:name
		ADDED from src/main/AndroidManifest.xml:30:13-77
meta-data#android.support.PARENT_ACTIVITY
ADDED from src/main/AndroidManifest.xml:36:13-38:78
	android:value
		ADDED from src/main/AndroidManifest.xml:38:17-75
	android:name
		ADDED from src/main/AndroidManifest.xml:37:17-63
activity#ch.epfl.hci.healthytogether.SplashActivity
ADDED from src/main/AndroidManifest.xml:42:9-46:63
	android:label
		ADDED from src/main/AndroidManifest.xml:45:13-45
	android:configChanges
		ADDED from src/main/AndroidManifest.xml:44:13-74
	android:theme
		ADDED from src/main/AndroidManifest.xml:46:13-51
	android:name
		ADDED from src/main/AndroidManifest.xml:43:13-70
activity#ch.epfl.hci.healthytogether.LoginActivity
ADDED from src/main/AndroidManifest.xml:47:9-55:20
	android:parentActivityName
		ADDED from src/main/AndroidManifest.xml:50:13-82
	android:label
		ADDED from src/main/AndroidManifest.xml:49:13-57
	android:windowSoftInputMode
		ADDED from src/main/AndroidManifest.xml:51:13-68
	android:name
		ADDED from src/main/AndroidManifest.xml:48:13-69
activity#ch.epfl.hci.healthytogether.RegisterActivity
ADDED from src/main/AndroidManifest.xml:56:9-63:20
	android:parentActivityName
		ADDED from src/main/AndroidManifest.xml:59:13-82
	android:label
		ADDED from src/main/AndroidManifest.xml:58:13-60
	android:name
		ADDED from src/main/AndroidManifest.xml:57:13-72
activity#ch.epfl.hci.healthytogether.IntroActivity
ADDED from src/main/AndroidManifest.xml:64:9-72:20
	android:label
		ADDED from src/main/AndroidManifest.xml:66:13-56
	android:name
		ADDED from src/main/AndroidManifest.xml:65:13-69
intent-filter#android.intent.action.MAIN+android.intent.category.LAUNCHER
ADDED from src/main/AndroidManifest.xml:67:13-71:29
action#android.intent.action.MAIN
ADDED from src/main/AndroidManifest.xml:68:17-69
	android:name
		ADDED from src/main/AndroidManifest.xml:68:25-66
category#android.intent.category.LAUNCHER
ADDED from src/main/AndroidManifest.xml:70:17-77
	android:name
		ADDED from src/main/AndroidManifest.xml:70:27-74
activity#ch.epfl.hci.healthytogether.MainActivity
ADDED from src/main/AndroidManifest.xml:73:9-80:20
	android:parentActivityName
		ADDED from src/main/AndroidManifest.xml:76:13-83
	android:label
		ADDED from src/main/AndroidManifest.xml:75:13-56
	android:name
		ADDED from src/main/AndroidManifest.xml:74:13-68
activity#ch.epfl.hci.healthytogether.SettingsActivity
ADDED from src/main/AndroidManifest.xml:81:9-88:20
	android:parentActivityName
		ADDED from src/main/AndroidManifest.xml:84:13-83
	android:label
		ADDED from src/main/AndroidManifest.xml:83:13-50
	android:name
		ADDED from src/main/AndroidManifest.xml:82:13-72
activity#ch.epfl.hci.healthytogether.HistoryActivity
ADDED from src/main/AndroidManifest.xml:89:9-96:20
	android:parentActivityName
		ADDED from src/main/AndroidManifest.xml:92:13-83
	android:label
		ADDED from src/main/AndroidManifest.xml:91:13-54
	android:name
		ADDED from src/main/AndroidManifest.xml:90:13-71
activity#ch.epfl.hci.healthytogether.ExerciseTabHost
ADDED from src/main/AndroidManifest.xml:97:9-100:59
	android:label
		ADDED from src/main/AndroidManifest.xml:99:13-44
	android:theme
		ADDED from src/main/AndroidManifest.xml:100:13-56
	android:name
		ADDED from src/main/AndroidManifest.xml:98:13-71
activity#ch.epfl.hci.healthytogether.ExerciseCategory
ADDED from src/main/AndroidManifest.xml:101:9-103:41
	android:label
		ADDED from src/main/AndroidManifest.xml:103:13-38
	android:name
		ADDED from src/main/AndroidManifest.xml:102:13-72
activity#ch.epfl.hci.healthytogether.SedentaryCategory
ADDED from src/main/AndroidManifest.xml:104:9-106:41
	android:label
		ADDED from src/main/AndroidManifest.xml:106:13-38
	android:name
		ADDED from src/main/AndroidManifest.xml:105:13-73
activity#ch.epfl.hci.healthytogether.BadgesActivity
ADDED from src/main/AndroidManifest.xml:107:9-114:20
	android:parentActivityName
		ADDED from src/main/AndroidManifest.xml:110:13-83
	android:label
		ADDED from src/main/AndroidManifest.xml:109:13-42
	android:name
		ADDED from src/main/AndroidManifest.xml:108:13-70
activity#ch.epfl.hci.healthytogether.SelectCheerTemplateActivity
ADDED from src/main/AndroidManifest.xml:115:9-122:20
	android:parentActivityName
		ADDED from src/main/AndroidManifest.xml:118:13-83
	android:label
		ADDED from src/main/AndroidManifest.xml:117:13-73
	android:name
		ADDED from src/main/AndroidManifest.xml:116:13-83
activity#ch.epfl.hci.healthytogether.ComposeMessageActivity
ADDED from src/main/AndroidManifest.xml:123:9-130:20
	android:parentActivityName
		ADDED from src/main/AndroidManifest.xml:126:13-97
	android:label
		ADDED from src/main/AndroidManifest.xml:125:13-67
	android:name
		ADDED from src/main/AndroidManifest.xml:124:13-78
activity#ch.epfl.hci.healthytogether.InviteBuddyActivity
ADDED from src/main/AndroidManifest.xml:133:9-142:20
	android:parentActivityName
		ADDED from src/main/AndroidManifest.xml:138:13-82
	android:label
		ADDED from src/main/AndroidManifest.xml:136:13-64
	android:launchMode
		ADDED from src/main/AndroidManifest.xml:137:13-44
	android:configChanges
		ADDED from src/main/AndroidManifest.xml:135:13-63
	android:name
		ADDED from src/main/AndroidManifest.xml:134:13-75
activity#ch.epfl.hci.healthytogether.Main2Activity
ADDED from src/main/AndroidManifest.xml:177:9-196:20
	android:parentActivityName
		ADDED from src/main/AndroidManifest.xml:180:13-83
	android:label
		ADDED from src/main/AndroidManifest.xml:179:13-57
	android:theme
		ADDED from src/main/AndroidManifest.xml:181:13-60
	android:name
		ADDED from src/main/AndroidManifest.xml:178:13-69
intent-filter#android.intent.action.VIEW+android.intent.category.BROWSABLE+android.intent.category.DEFAULT
ADDED from src/main/AndroidManifest.xml:186:13-195:29
action#android.intent.action.VIEW
ADDED from src/main/AndroidManifest.xml:187:17-69
	android:name
		ADDED from src/main/AndroidManifest.xml:187:25-66
category#android.intent.category.DEFAULT
ADDED from src/main/AndroidManifest.xml:189:17-76
	android:name
		ADDED from src/main/AndroidManifest.xml:189:27-73
category#android.intent.category.BROWSABLE
ADDED from src/main/AndroidManifest.xml:190:17-78
	android:name
		ADDED from src/main/AndroidManifest.xml:190:27-75
data
ADDED from src/main/AndroidManifest.xml:192:17-194:52
	android:host
		ADDED from src/main/AndroidManifest.xml:193:21-41
	android:scheme
		ADDED from src/main/AndroidManifest.xml:194:21-49
activity#ch.epfl.hci.healthytogether.MessagesActivity
ADDED from src/main/AndroidManifest.xml:197:9-205:20
	android:parentActivityName
		ADDED from src/main/AndroidManifest.xml:200:13-83
	android:label
		ADDED from src/main/AndroidManifest.xml:199:13-73
	android:windowSoftInputMode
		ADDED from src/main/AndroidManifest.xml:201:13-64
	android:name
		ADDED from src/main/AndroidManifest.xml:198:13-72
activity#ch.epfl.hci.healthytogether.AuthenticateFitbitActivity
ADDED from src/main/AndroidManifest.xml:206:9-213:20
	android:parentActivityName
		ADDED from src/main/AndroidManifest.xml:209:13-86
	android:label
		ADDED from src/main/AndroidManifest.xml:208:13-71
	android:name
		ADDED from src/main/AndroidManifest.xml:207:13-82
activity#ch.epfl.hci.healthytogether.AcceptBuddyActivity
ADDED from src/main/AndroidManifest.xml:214:9-221:20
	android:parentActivityName
		ADDED from src/main/AndroidManifest.xml:217:13-83
	android:label
		ADDED from src/main/AndroidManifest.xml:216:13-64
	android:name
		ADDED from src/main/AndroidManifest.xml:215:13-75
receiver#ch.epfl.hci.healthytogether.service.CheckForMessageBootReceiver
ADDED from src/main/AndroidManifest.xml:223:9-227:20
	android:name
		ADDED from src/main/AndroidManifest.xml:223:19-97
intent-filter#android.intent.action.BOOT_COMPLETED
ADDED from src/main/AndroidManifest.xml:224:13-226:29
action#android.intent.action.BOOT_COMPLETED
ADDED from src/main/AndroidManifest.xml:225:17-79
	android:name
		ADDED from src/main/AndroidManifest.xml:225:25-76
receiver#ch.epfl.hci.healthytogether.service.CheckForMessageAlarmReceiver
ADDED from src/main/AndroidManifest.xml:228:9-110
	android:name
		ADDED from src/main/AndroidManifest.xml:228:19-98
service#ch.epfl.hci.healthytogether.service.CheckForMessageService
ADDED from src/main/AndroidManifest.xml:230:9-102
	android:name
		ADDED from src/main/AndroidManifest.xml:230:18-91
activity#ch.epfl.hci.healthytogether.PendingBuddyRequestActivity
ADDED from src/main/AndroidManifest.xml:246:9-253:20
	android:parentActivityName
		ADDED from src/main/AndroidManifest.xml:249:13-83
	android:label
		ADDED from src/main/AndroidManifest.xml:248:13-73
	android:name
		ADDED from src/main/AndroidManifest.xml:247:13-83
service#ch.epfl.hci.healthytogether.service.CustomTabsKeepAliveService
ADDED from src/main/AndroidManifest.xml:255:9-258:47
	android:enabled
		ADDED from src/main/AndroidManifest.xml:257:13-35
	android:exported
		ADDED from src/main/AndroidManifest.xml:258:13-36
	android:name
		ADDED from src/main/AndroidManifest.xml:256:13-90
meta-data#android.support.VERSION
ADDED from [com.android.support:appcompat-v7:25.3.1] AndroidManifest.xml:25:5-27:34
MERGED from [com.android.support:support-v4:25.3.1] AndroidManifest.xml:25:5-27:34
MERGED from [com.android.support:support-v4:25.3.1] AndroidManifest.xml:25:5-27:34
MERGED from [com.android.support:support-fragment:25.3.1] AndroidManifest.xml:25:5-27:34
MERGED from [com.android.support:support-fragment:25.3.1] AndroidManifest.xml:25:5-27:34
MERGED from [com.android.support:support-media-compat:25.3.1] AndroidManifest.xml:25:5-27:34
MERGED from [com.android.support:support-media-compat:25.3.1] AndroidManifest.xml:25:5-27:34
MERGED from [com.android.support:support-core-utils:25.3.1] AndroidManifest.xml:25:5-27:34
MERGED from [com.android.support:support-core-utils:25.3.1] AndroidManifest.xml:25:5-27:34
MERGED from [com.android.support:support-core-ui:25.3.1] AndroidManifest.xml:25:5-27:34
MERGED from [com.android.support:support-core-ui:25.3.1] AndroidManifest.xml:25:5-27:34
MERGED from [com.android.support:animated-vector-drawable:25.3.1] AndroidManifest.xml:22:5-24:34
MERGED from [com.android.support:animated-vector-drawable:25.3.1] AndroidManifest.xml:22:5-24:34
MERGED from [com.android.support:support-vector-drawable:25.3.1] AndroidManifest.xml:22:5-24:34
MERGED from [com.android.support:support-vector-drawable:25.3.1] AndroidManifest.xml:22:5-24:34
MERGED from [com.android.support:support-compat:25.3.1] AndroidManifest.xml:25:5-27:34
MERGED from [com.android.support:support-compat:25.3.1] AndroidManifest.xml:25:5-27:34
	android:value
		ADDED from [com.android.support:appcompat-v7:25.3.1] AndroidManifest.xml:27:9-31
	android:name
		ADDED from [com.android.support:appcompat-v7:25.3.1] AndroidManifest.xml:26:9-47